==== [2025-04-16T08:38:53.528Z] ====
Длительность: 59.507 сек
Database Connected
Уникальные ссылки: [
  'https://auto.drom.ru/barnaul/ford/focus/920936213.html',
  'https://auto.drom.ru/barnaul/toyota/carina/741973479.html',
  'https://auto.drom.ru/biysk/honda/cr-v/817032075.html',
  'https://auto.drom.ru/barnaul/toyota/camry_gracia/649964032.html',
  'https://auto.drom.ru/barnaul/honda/cr-v/569363795.html',
  'https://auto.drom.ru/barnaul/nissan/teana/537193219.html',
  'https://auto.drom.ru/barnaul/nissan/sunny/121354902.html',
  'https://auto.drom.ru/barnaul/hyundai/solaris/715217664.html',
  'https://auto.drom.ru/barnaul/mitsubishi/dingo/164633277.html',
  'https://auto.drom.ru/zmeinogorsk/chery/qq/443856728.html',
  'https://auto.drom.ru/barnaul/toyota/highlander/444692827.html',
  'https://auto.drom.ru/barnaul/hyundai/tucson/773633545.html',
  'https://auto.drom.ru/barnaul/toyota/camry/307314860.html',
  'https://auto.drom.ru/barnaul/mitsubishi/lancer/815530724.html',
  'https://auto.drom.ru/barnaul/hyundai/tucson/467510186.html',
  'https://auto.drom.ru/barnaul/volkswagen/jetta/726449115.html',
  'https://auto.drom.ru/biysk/toyota/camry/894235936.html',
  'https://auto.drom.ru/barnaul/toyota/sprinter/525653485.html',
  'https://auto.drom.ru/barnaul/cadillac/escalade/197616272.html',
  'https://auto.drom.ru/barnaul/porsche/macan/278410072.html'
]
Ссылка добавлена в hrefs: https://auto.drom.ru/barnaul/ford/focus/920936213.html с ID: 920936213
Ссылка уже существует в hrefs: https://auto.drom.ru/barnaul/toyota/carina/741973479.html
Ссылка уже существует в hrefs: https://auto.drom.ru/biysk/honda/cr-v/817032075.html
Ссылка уже существует в hrefs: https://auto.drom.ru/barnaul/toyota/camry_gracia/649964032.html
Ссылка уже существует в hrefs: https://auto.drom.ru/barnaul/honda/cr-v/569363795.html
Ссылка уже существует в hrefs: https://auto.drom.ru/barnaul/nissan/teana/537193219.html
Ссылка уже существует в hrefs: https://auto.drom.ru/barnaul/nissan/sunny/121354902.html
Ссылка уже существует в hrefs: https://auto.drom.ru/barnaul/hyundai/solaris/715217664.html
Ссылка уже существует в hrefs: https://auto.drom.ru/barnaul/mitsubishi/dingo/164633277.html
Ссылка уже существует в hrefs: https://auto.drom.ru/zmeinogorsk/chery/qq/443856728.html
Ссылка уже существует в hrefs: https://auto.drom.ru/barnaul/toyota/highlander/444692827.html
Ссылка уже существует в hrefs: https://auto.drom.ru/barnaul/hyundai/tucson/773633545.html
Ссылка уже существует в hrefs: https://auto.drom.ru/barnaul/toyota/camry/307314860.html
Ссылка уже существует в hrefs: https://auto.drom.ru/barnaul/mitsubishi/lancer/815530724.html
Ссылка уже существует в hrefs: https://auto.drom.ru/barnaul/hyundai/tucson/467510186.html
Ссылка уже существует в hrefs: https://auto.drom.ru/barnaul/volkswagen/jetta/726449115.html
Ссылка уже существует в hrefs: https://auto.drom.ru/biysk/toyota/camry/894235936.html
Ссылка уже существует в hrefs: https://auto.drom.ru/barnaul/toyota/sprinter/525653485.html
Ссылка уже существует в hrefs: https://auto.drom.ru/barnaul/cadillac/escalade/197616272.html
Ссылка уже существует в hrefs: https://auto.drom.ru/barnaul/porsche/macan/278410072.html
Обработка страницы 1 завершена
Уникальные ссылки: [
  'https://auto.drom.ru/barnaul/land_rover/defender/310412215.html',
  'https://auto.drom.ru/barnaul/nissan/juke/625346626.html',
  'https://auto.drom.ru/barnaul/geely/monjaro/110154504.html',
  'https://auto.drom.ru/barnaul/mitsubishi/outlander/714303624.html',
  'https://auto.drom.ru/barnaul/bmw/5-series/523526394.html',
  'https://auto.drom.ru/barnaul/lexus/is250/909286558.html',
  'https://auto.drom.ru/barnaul/toyota/land_cruiser_prado/385161472.html',
  'https://auto.drom.ru/barnaul/mitsubishi/outlander/362715985.html',
  'https://auto.drom.ru/barnaul/renault/fluence/300139860.html',
  'https://auto.drom.ru/barnaul/honda/accord/366315903.html',
  'https://auto.drom.ru/barnaul/lada/vesta/830880522.html',
  'https://auto.drom.ru/barnaul/toyota/corolla/268498402.html',
  'https://auto.drom.ru/barnaul/mazda/cx-7/919497102.html',
  'https://auto.drom.ru/barnaul/toyota/rav4/181933037.html',
  'https://auto.drom.ru/barnaul/toyota/rav4/199130803.html',
  'https://auto.drom.ru/barnaul/nissan/note/450726085.html',
  'https://auto.drom.ru/barnaul/toyota/rav4/547743240.html',
  'https://auto.drom.ru/barnaul/subaru/forester/584378982.html',
  'https://auto.drom.ru/barnaul/nissan/juke/705458361.html',
  'https://auto.drom.ru/barnaul/honda/fit/831370653.html'
]
Ссылка уже существует в hrefs: https://auto.drom.ru/barnaul/land_rover/defender/310412215.html
Ссылка добавлена в hrefs: https://auto.drom.ru/barnaul/nissan/juke/625346626.html с ID: 625346626
Ссылка добавлена в hrefs: https://auto.drom.ru/barnaul/geely/monjaro/110154504.html с ID: 110154504
Ссылка добавлена в hrefs: https://auto.drom.ru/barnaul/mitsubishi/outlander/714303624.html с ID: 714303624
Ссылка добавлена в hrefs: https://auto.drom.ru/barnaul/bmw/5-series/523526394.html с ID: 523526394
Ссылка добавлена в hrefs: https://auto.drom.ru/barnaul/lexus/is250/909286558.html с ID: 909286558
Ссылка добавлена в hrefs: https://auto.drom.ru/barnaul/toyota/land_cruiser_prado/385161472.html с ID: 385161472
Ссылка добавлена в hrefs: https://auto.drom.ru/barnaul/mitsubishi/outlander/362715985.html с ID: 362715985
Ссылка добавлена в hrefs: https://auto.drom.ru/barnaul/renault/fluence/300139860.html с ID: 300139860
Ссылка добавлена в hrefs: https://auto.drom.ru/barnaul/honda/accord/366315903.html с ID: 366315903
Ссылка добавлена в hrefs: https://auto.drom.ru/barnaul/lada/vesta/830880522.html с ID: 830880522
Ссылка добавлена в hrefs: https://auto.drom.ru/barnaul/toyota/corolla/268498402.html с ID: 268498402
Ссылка добавлена в hrefs: https://auto.drom.ru/barnaul/mazda/cx-7/919497102.html с ID: 919497102
Ссылка добавлена в hrefs: https://auto.drom.ru/barnaul/toyota/rav4/181933037.html с ID: 181933037
Ссылка добавлена в hrefs: https://auto.drom.ru/barnaul/toyota/rav4/199130803.html с ID: 199130803
Ссылка добавлена в hrefs: https://auto.drom.ru/barnaul/nissan/note/450726085.html с ID: 450726085
Ссылка добавлена в hrefs: https://auto.drom.ru/barnaul/toyota/rav4/547743240.html с ID: 547743240
Ссылка добавлена в hrefs: https://auto.drom.ru/barnaul/subaru/forester/584378982.html с ID: 584378982
Ссылка добавлена в hrefs: https://auto.drom.ru/barnaul/nissan/juke/705458361.html с ID: 705458361
Ссылка добавлена в hrefs: https://auto.drom.ru/barnaul/honda/fit/831370653.html с ID: 831370653
Обработка страницы 2 завершена

Ошибка при получении ссылок: NoSuchWindowError: no such window: target window already closed
from unknown error: web view not found
  (Session info: chrome=135.0.7049.86)
    at Object.throwDecodedError (C:\Users\ЧАПАЛОХ\Desktop\Войтеховский Диплом 2025\Диплом!\KochergaFind\node_modules\selenium-webdriver\lib\error.js:523:15)
    at parseHttpResponse (C:\Users\ЧАПАЛОХ\Desktop\Войтеховский Диплом 2025\Диплом!\KochergaFind\node_modules\selenium-webdriver\lib\http.js:524:13)
    at Executor.execute (C:\Users\ЧАПАЛОХ\Desktop\Войтеховский Диплом 2025\Диплом!\KochergaFind\node_modules\selenium-webdriver\lib\http.js:456:28)
    at process.processTicksAndRejections (node:internal/process/task_queues:105:5)
    at async thenableWebDriverProxy.execute (C:\Users\ЧАПАЛОХ\Desktop\Войтеховский Диплом 2025\Диплом!\KochergaFind\node_modules\selenium-webdriver\lib\webdriver.js:745:17)
    at async thenableWebDriverProxy.findElements (C:\Users\ЧАПАЛОХ\Desktop\Войтеховский Диплом 2025\Диплом!\KochergaFind\node_modules\selenium-webdriver\lib\webdriver.js:1073:17) {
  remoteStacktrace: '\tGetHandleVerifier [0x00007FF655575335+78597]\n' +
    '\tGetHandleVerifier [0x00007FF655575390+78688]\n' +
    '\t(No symbol) [0x00007FF6553291AA]\n' +
    '\t(No symbol) [0x00007FF655301B63]\n' +
    '\t(No symbol) [0x00007FF6553AEB6E]\n' +
    '\t(No symbol) [0x00007FF6553CEBB2]\n' +
    '\t(No symbol) [0x00007FF6553A6EC3]\n' +
    '\t(No symbol) [0x00007FF6553703F8]\n' +
    '\t(No symbol) [0x00007FF655371163]\n' +
    '\tGetHandleVerifier [0x00007FF65581EEED+2870973]\n' +
    '\tGetHandleVerifier [0x00007FF655819698+2848360]\n' +
    '\tGetHandleVerifier [0x00007FF655836973+2967875]\n' +
    '\tGetHandleVerifier [0x00007FF65559017A+188746]\n' +
    '\tGetHandleVerifier [0x00007FF65559845F+222255]\n' +
    '\tGetHandleVerifier [0x00007FF65557D2B4+111236]\n' +
    '\tGetHandleVerifier [0x00007FF65557D462+111666]\n' +
    '\tGetHandleVerifier [0x00007FF655563589+5465]\n' +
    '\tBaseThreadInitThunk [0x00007FFFFBA47374+20]\n' +
    '\tRtlUserThreadStart [0x00007FFFFBC1CC91+33]\n'
}
C:\Users\ЧАПАЛОХ\Desktop\Войтеховский Диплом 2025\Диплом!\KochergaFind\node_modules\selenium-webdriver\lib\error.js:523
    let err = new ctor(data.message)
              ^

NoSuchWindowError: no such window: target window already closed
from unknown error: web view not found
  (Session info: chrome=135.0.7049.86)
    at Object.throwDecodedError (C:\Users\ЧАПАЛОХ\Desktop\Войтеховский Диплом 2025\Диплом!\KochergaFind\node_modules\selenium-webdriver\lib\error.js:523:15)
    at parseHttpResponse (C:\Users\ЧАПАЛОХ\Desktop\Войтеховский Диплом 2025\Диплом!\KochergaFind\node_modules\selenium-webdriver\lib\http.js:524:13)
    at Executor.execute (C:\Users\ЧАПАЛОХ\Desktop\Войтеховский Диплом 2025\Диплом!\KochergaFind\node_modules\selenium-webdriver\lib\http.js:456:28)
    at process.processTicksAndRejections (node:internal/process/task_queues:105:5)
    at async thenableWebDriverProxy.execute (C:\Users\ЧАПАЛОХ\Desktop\Войтеховский Диплом 2025\Диплом!\KochergaFind\node_modules\selenium-webdriver\lib\webdriver.js:745:17)
    at async getLinksFromDiv (C:\Users\ЧАПАЛОХ\Desktop\Войтеховский Диплом 2025\Диплом!\KochergaFind\main.js:122:7) {
  remoteStacktrace: '\tGetHandleVerifier [0x00007FF655575335+78597]\n' +
    '\tGetHandleVerifier [0x00007FF655575390+78688]\n' +
    '\t(No symbol) [0x00007FF6553291AA]\n' +
    '\t(No symbol) [0x00007FF655301B63]\n' +
    '\t(No symbol) [0x00007FF6553AEB6E]\n' +
    '\t(No symbol) [0x00007FF6553B83D0]\n' +
    '\t(No symbol) [0x00007FF6553A70B0]\n' +
    '\t(No symbol) [0x00007FF6553703F8]\n' +
    '\t(No symbol) [0x00007FF655371163]\n' +
    '\tGetHandleVerifier [0x00007FF65581EEED+2870973]\n' +
    '\tGetHandleVerifier [0x00007FF655819698+2848360]\n' +
    '\tGetHandleVerifier [0x00007FF655836973+2967875]\n' +
    '\tGetHandleVerifier [0x00007FF65559017A+188746]\n' +
    '\tGetHandleVerifier [0x00007FF65559845F+222255]\n' +
    '\tGetHandleVerifier [0x00007FF65557D2B4+111236]\n' +
    '\tGetHandleVerifier [0x00007FF65557D462+111666]\n' +
    '\tGetHandleVerifier [0x00007FF655563589+5465]\n' +
    '\tBaseThreadInitThunk [0x00007FFFFBA47374+20]\n' +
    '\tRtlUserThreadStart [0x00007FFFFBC1CC91+33]\n'
}

Node.js v22.14.0

ОШИБКА: Command failed: node main.js
Ошибка при получении ссылок: NoSuchWindowError: no such window: target window already closed
from unknown error: web view not found
  (Session info: chrome=135.0.7049.86)
    at Object.throwDecodedError (C:\Users\ЧАПАЛОХ\Desktop\Войтеховский Диплом 2025\Диплом!\KochergaFind\node_modules\selenium-webdriver\lib\error.js:523:15)
    at parseHttpResponse (C:\Users\ЧАПАЛОХ\Desktop\Войтеховский Диплом 2025\Диплом!\KochergaFind\node_modules\selenium-webdriver\lib\http.js:524:13)
    at Executor.execute (C:\Users\ЧАПАЛОХ\Desktop\Войтеховский Диплом 2025\Диплом!\KochergaFind\node_modules\selenium-webdriver\lib\http.js:456:28)
    at process.processTicksAndRejections (node:internal/process/task_queues:105:5)
    at async thenableWebDriverProxy.execute (C:\Users\ЧАПАЛОХ\Desktop\Войтеховский Диплом 2025\Диплом!\KochergaFind\node_modules\selenium-webdriver\lib\webdriver.js:745:17)
    at async thenableWebDriverProxy.findElements (C:\Users\ЧАПАЛОХ\Desktop\Войтеховский Диплом 2025\Диплом!\KochergaFind\node_modules\selenium-webdriver\lib\webdriver.js:1073:17) {
  remoteStacktrace: '\tGetHandleVerifier [0x00007FF655575335+78597]\n' +
    '\tGetHandleVerifier [0x00007FF655575390+78688]\n' +
    '\t(No symbol) [0x00007FF6553291AA]\n' +
    '\t(No symbol) [0x00007FF655301B63]\n' +
    '\t(No symbol) [0x00007FF6553AEB6E]\n' +
    '\t(No symbol) [0x00007FF6553CEBB2]\n' +
    '\t(No symbol) [0x00007FF6553A6EC3]\n' +
    '\t(No symbol) [0x00007FF6553703F8]\n' +
    '\t(No symbol) [0x00007FF655371163]\n' +
    '\tGetHandleVerifier [0x00007FF65581EEED+2870973]\n' +
    '\tGetHandleVerifier [0x00007FF655819698+2848360]\n' +
    '\tGetHandleVerifier [0x00007FF655836973+2967875]\n' +
    '\tGetHandleVerifier [0x00007FF65559017A+188746]\n' +
    '\tGetHandleVerifier [0x00007FF65559845F+222255]\n' +
    '\tGetHandleVerifier [0x00007FF65557D2B4+111236]\n' +
    '\tGetHandleVerifier [0x00007FF65557D462+111666]\n' +
    '\tGetHandleVerifier [0x00007FF655563589+5465]\n' +
    '\tBaseThreadInitThunk [0x00007FFFFBA47374+20]\n' +
    '\tRtlUserThreadStart [0x00007FFFFBC1CC91+33]\n'
}
C:\Users\ЧАПАЛОХ\Desktop\Войтеховский Диплом 2025\Диплом!\KochergaFind\node_modules\selenium-webdriver\lib\error.js:523
    let err = new ctor(data.message)
              ^

NoSuchWindowError: no such window: target window already closed
from unknown error: web view not found
  (Session info: chrome=135.0.7049.86)
    at Object.throwDecodedError (C:\Users\ЧАПАЛОХ\Desktop\Войтеховский Диплом 2025\Диплом!\KochergaFind\node_modules\selenium-webdriver\lib\error.js:523:15)
    at parseHttpResponse (C:\Users\ЧАПАЛОХ\Desktop\Войтеховский Диплом 2025\Диплом!\KochergaFind\node_modules\selenium-webdriver\lib\http.js:524:13)
    at Executor.execute (C:\Users\ЧАПАЛОХ\Desktop\Войтеховский Диплом 2025\Диплом!\KochergaFind\node_modules\selenium-webdriver\lib\http.js:456:28)
    at process.processTicksAndRejections (node:internal/process/task_queues:105:5)
    at async thenableWebDriverProxy.execute (C:\Users\ЧАПАЛОХ\Desktop\Войтеховский Диплом 2025\Диплом!\KochergaFind\node_modules\selenium-webdriver\lib\webdriver.js:745:17)
    at async getLinksFromDiv (C:\Users\ЧАПАЛОХ\Desktop\Войтеховский Диплом 2025\Диплом!\KochergaFind\main.js:122:7) {
  remoteStacktrace: '\tGetHandleVerifier [0x00007FF655575335+78597]\n' +
    '\tGetHandleVerifier [0x00007FF655575390+78688]\n' +
    '\t(No symbol) [0x00007FF6553291AA]\n' +
    '\t(No symbol) [0x00007FF655301B63]\n' +
    '\t(No symbol) [0x00007FF6553AEB6E]\n' +
    '\t(No symbol) [0x00007FF6553B83D0]\n' +
    '\t(No symbol) [0x00007FF6553A70B0]\n' +
    '\t(No symbol) [0x00007FF6553703F8]\n' +
    '\t(No symbol) [0x00007FF655371163]\n' +
    '\tGetHandleVerifier [0x00007FF65581EEED+2870973]\n' +
    '\tGetHandleVerifier [0x00007FF655819698+2848360]\n' +
    '\tGetHandleVerifier [0x00007FF655836973+2967875]\n' +
    '\tGetHandleVerifier [0x00007FF65559017A+188746]\n' +
    '\tGetHandleVerifier [0x00007FF65559845F+222255]\n' +
    '\tGetHandleVerifier [0x00007FF65557D2B4+111236]\n' +
    '\tGetHandleVerifier [0x00007FF65557D462+111666]\n' +
    '\tGetHandleVerifier [0x00007FF655563589+5465]\n' +
    '\tBaseThreadInitThunk [0x00007FFFFBA47374+20]\n' +
    '\tRtlUserThreadStart [0x00007FFFFBC1CC91+33]\n'
}

Node.js v22.14.0


==== [2025-04-16T10:38:53.572Z] ====
Длительность: 22.927 сек
Database Connected
Уникальные ссылки: [
  'https://auto.drom.ru/biysk/nissan/note/680815619.html',
  'https://auto.drom.ru/biysk/toyota/alphard/397675533.html',
  'https://auto.drom.ru/barnaul/bmw/x6/868021928.html',
  'https://auto.drom.ru/barnaul/ford/focus/920936213.html',
  'https://auto.drom.ru/barnaul/toyota/carina/741973479.html',
  'https://auto.drom.ru/biysk/honda/cr-v/817032075.html',
  'https://auto.drom.ru/barnaul/toyota/camry_gracia/649964032.html',
  'https://auto.drom.ru/barnaul/honda/cr-v/569363795.html',
  'https://auto.drom.ru/barnaul/nissan/teana/537193219.html',
  'https://auto.drom.ru/barnaul/nissan/sunny/121354902.html',
  'https://auto.drom.ru/barnaul/hyundai/solaris/715217664.html',
  'https://auto.drom.ru/barnaul/mitsubishi/dingo/164633277.html',
  'https://auto.drom.ru/zmeinogorsk/chery/qq/443856728.html',
  'https://auto.drom.ru/barnaul/toyota/highlander/444692827.html',
  'https://auto.drom.ru/barnaul/hyundai/tucson/773633545.html',
  'https://auto.drom.ru/barnaul/toyota/camry/307314860.html',
  'https://auto.drom.ru/barnaul/mitsubishi/lancer/815530724.html',
  'https://auto.drom.ru/barnaul/hyundai/tucson/467510186.html',
  'https://auto.drom.ru/barnaul/volkswagen/jetta/726449115.html',
  'https://auto.drom.ru/biysk/toyota/camry/894235936.html'
]
Ссылка добавлена в hrefs: https://auto.drom.ru/biysk/nissan/note/680815619.html с ID: 680815619
Ссылка уже существует в hrefs: https://auto.drom.ru/biysk/toyota/alphard/397675533.html
Ссылка добавлена в hrefs: https://auto.drom.ru/barnaul/bmw/x6/868021928.html с ID: 868021928
Ссылка уже существует в hrefs: https://auto.drom.ru/barnaul/ford/focus/920936213.html
Ссылка уже существует в hrefs: https://auto.drom.ru/barnaul/toyota/carina/741973479.html
Ссылка уже существует в hrefs: https://auto.drom.ru/biysk/honda/cr-v/817032075.html
Ссылка уже существует в hrefs: https://auto.drom.ru/barnaul/toyota/camry_gracia/649964032.html
Ссылка уже существует в hrefs: https://auto.drom.ru/barnaul/honda/cr-v/569363795.html
Ссылка уже существует в hrefs: https://auto.drom.ru/barnaul/nissan/teana/537193219.html
Ссылка уже существует в hrefs: https://auto.drom.ru/barnaul/nissan/sunny/121354902.html
Ссылка уже существует в hrefs: https://auto.drom.ru/barnaul/hyundai/solaris/715217664.html
Ссылка уже существует в hrefs: https://auto.drom.ru/barnaul/mitsubishi/dingo/164633277.html
Ссылка уже существует в hrefs: https://auto.drom.ru/zmeinogorsk/chery/qq/443856728.html
Ссылка уже существует в hrefs: https://auto.drom.ru/barnaul/toyota/highlander/444692827.html
Ссылка уже существует в hrefs: https://auto.drom.ru/barnaul/hyundai/tucson/773633545.html
Ссылка уже существует в hrefs: https://auto.drom.ru/barnaul/toyota/camry/307314860.html
Ссылка уже существует в hrefs: https://auto.drom.ru/barnaul/mitsubishi/lancer/815530724.html
Ссылка уже существует в hrefs: https://auto.drom.ru/barnaul/hyundai/tucson/467510186.html
Ссылка уже существует в hrefs: https://auto.drom.ru/barnaul/volkswagen/jetta/726449115.html
Ссылка уже существует в hrefs: https://auto.drom.ru/biysk/toyota/camry/894235936.html
Обработка страницы 1 завершена

C:\Users\ЧАПАЛОХ\Desktop\Войтеховский Диплом 2025\Диплом!\KochergaFind\node_modules\selenium-webdriver\lib\error.js:523
    let err = new ctor(data.message)
              ^

NoSuchWindowError: no such window: target window already closed
from unknown error: web view not found
  (Session info: chrome=135.0.7049.86)
    at Object.throwDecodedError (C:\Users\ЧАПАЛОХ\Desktop\Войтеховский Диплом 2025\Диплом!\KochergaFind\node_modules\selenium-webdriver\lib\error.js:523:15)
    at parseHttpResponse (C:\Users\ЧАПАЛОХ\Desktop\Войтеховский Диплом 2025\Диплом!\KochergaFind\node_modules\selenium-webdriver\lib\http.js:524:13)
    at Executor.execute (C:\Users\ЧАПАЛОХ\Desktop\Войтеховский Диплом 2025\Диплом!\KochergaFind\node_modules\selenium-webdriver\lib\http.js:456:28)
    at process.processTicksAndRejections (node:internal/process/task_queues:105:5)
    at async thenableWebDriverProxy.execute (C:\Users\ЧАПАЛОХ\Desktop\Войтеховский Диплом 2025\Диплом!\KochergaFind\node_modules\selenium-webdriver\lib\webdriver.js:745:17) {
  remoteStacktrace: '\tGetHandleVerifier [0x00007FF666E25335+78597]\n' +
    '\tGetHandleVerifier [0x00007FF666E25390+78688]\n' +
    '\t(No symbol) [0x00007FF666BD91AA]\n' +
    '\t(No symbol) [0x00007FF666BB1B63]\n' +
    '\t(No symbol) [0x00007FF666C5EB6E]\n' +
    '\t(No symbol) [0x00007FF666C7EBB2]\n' +
    '\t(No symbol) [0x00007FF666C56EC3]\n' +
    '\t(No symbol) [0x00007FF666C203F8]\n' +
    '\t(No symbol) [0x00007FF666C21163]\n' +
    '\tGetHandleVerifier [0x00007FF6670CEEED+2870973]\n' +
    '\tGetHandleVerifier [0x00007FF6670C9698+2848360]\n' +
    '\tGetHandleVerifier [0x00007FF6670E6973+2967875]\n' +
    '\tGetHandleVerifier [0x00007FF666E4017A+188746]\n' +
    '\tGetHandleVerifier [0x00007FF666E4845F+222255]\n' +
    '\tGetHandleVerifier [0x00007FF666E2D2B4+111236]\n' +
    '\tGetHandleVerifier [0x00007FF666E2D462+111666]\n' +
    '\tGetHandleVerifier [0x00007FF666E13589+5465]\n' +
    '\tBaseThreadInitThunk [0x00007FFFFBA47374+20]\n' +
    '\tRtlUserThreadStart [0x00007FFFFBC1CC91+33]\n'
}

Node.js v22.14.0

ОШИБКА: Command failed: node main.js
C:\Users\ЧАПАЛОХ\Desktop\Войтеховский Диплом 2025\Диплом!\KochergaFind\node_modules\selenium-webdriver\lib\error.js:523
    let err = new ctor(data.message)
              ^

NoSuchWindowError: no such window: target window already closed
from unknown error: web view not found
  (Session info: chrome=135.0.7049.86)
    at Object.throwDecodedError (C:\Users\ЧАПАЛОХ\Desktop\Войтеховский Диплом 2025\Диплом!\KochergaFind\node_modules\selenium-webdriver\lib\error.js:523:15)
    at parseHttpResponse (C:\Users\ЧАПАЛОХ\Desktop\Войтеховский Диплом 2025\Диплом!\KochergaFind\node_modules\selenium-webdriver\lib\http.js:524:13)
    at Executor.execute (C:\Users\ЧАПАЛОХ\Desktop\Войтеховский Диплом 2025\Диплом!\KochergaFind\node_modules\selenium-webdriver\lib\http.js:456:28)
    at process.processTicksAndRejections (node:internal/process/task_queues:105:5)
    at async thenableWebDriverProxy.execute (C:\Users\ЧАПАЛОХ\Desktop\Войтеховский Диплом 2025\Диплом!\KochergaFind\node_modules\selenium-webdriver\lib\webdriver.js:745:17) {
  remoteStacktrace: '\tGetHandleVerifier [0x00007FF666E25335+78597]\n' +
    '\tGetHandleVerifier [0x00007FF666E25390+78688]\n' +
    '\t(No symbol) [0x00007FF666BD91AA]\n' +
    '\t(No symbol) [0x00007FF666BB1B63]\n' +
    '\t(No symbol) [0x00007FF666C5EB6E]\n' +
    '\t(No symbol) [0x00007FF666C7EBB2]\n' +
    '\t(No symbol) [0x00007FF666C56EC3]\n' +
    '\t(No symbol) [0x00007FF666C203F8]\n' +
    '\t(No symbol) [0x00007FF666C21163]\n' +
    '\tGetHandleVerifier [0x00007FF6670CEEED+2870973]\n' +
    '\tGetHandleVerifier [0x00007FF6670C9698+2848360]\n' +
    '\tGetHandleVerifier [0x00007FF6670E6973+2967875]\n' +
    '\tGetHandleVerifier [0x00007FF666E4017A+188746]\n' +
    '\tGetHandleVerifier [0x00007FF666E4845F+222255]\n' +
    '\tGetHandleVerifier [0x00007FF666E2D2B4+111236]\n' +
    '\tGetHandleVerifier [0x00007FF666E2D462+111666]\n' +
    '\tGetHandleVerifier [0x00007FF666E13589+5465]\n' +
    '\tBaseThreadInitThunk [0x00007FFFFBA47374+20]\n' +
    '\tRtlUserThreadStart [0x00007FFFFBC1CC91+33]\n'
}

Node.js v22.14.0


